<?xml version="1.0" encoding="UTF-8"?>
<!-- Generated by org.testng.reporters.JUnitXMLReporter -->
<testsuite hostname="RITESH-PC" name="FunctionalTest" tests="20" failures="1" timestamp="16 May 2021 08:46:11 GMT" time="481.368" errors="0">
  <testcase name="verifyURL_TC_001" time="0.045" classname="com.VisionIT_OrangeHRM_TestCases.TC_001_BasicFeatures"/>
  <testcase name="verifyTitle_TC_002" time="0.05" classname="com.VisionIT_OrangeHRM_TestCases.TC_001_BasicFeatures"/>
  <testcase name="verifyCategory_TC_003" time="0.27" classname="com.VisionIT_OrangeHRM_TestCases.TC_001_BasicFeatures"/>
  <testcase name="verifyAppLogo_TC_004" time="0.196" classname="com.VisionIT_OrangeHRM_TestCases.TC_001_BasicFeatures"/>
  <testcase name="verifyAppLogoHeight_TC_005" time="0.088" classname="com.VisionIT_OrangeHRM_TestCases.TC_001_BasicFeatures"/>
  <testcase name="verifyAppLogoWidth_TC_006" time="0.119" classname="com.VisionIT_OrangeHRM_TestCases.TC_001_BasicFeatures"/>
  <testcase name="verifySignInPage_TC_007" time="7.234" classname="com.VisionIT_OrangeHRM_TestCases.TC_001_BasicFeatures"/>
  <testcase name="verifyLoginPage_TC_008" time="30.171" classname="com.VisionIT_OrangeHRM_TestCases.TC_001_BasicFeatures"/>
  <testcase name="verifySearchBox_TC_009" time="2.641" classname="com.VisionIT_OrangeHRM_TestCases.TC_001_BasicFeatures"/>
  <testcase name="verifyProductPrice_TC_010" time="4.997" classname="com.VisionIT_OrangeHRM_TestCases.TC_001_BasicFeatures"/>
  <testcase name="verifyFriendFeature_TC_011" time="34.524" classname="com.VisionIT_OrangeHRM_TestCases.TC_001_BasicFeatures"/>
  <testcase name="verifyColorFeature" time="7.578" classname="com.VisionIT_OrangeHRM_TestCases.TC_001_BasicFeatures"/>
  <testcase name="verifyFacebookSocialMedia" time="1.471" classname="com.VisionIT_OrangeHRM_TestCases.TC_001_BasicFeatures"/>
  <testcase name="verifyTwitterSocialMedia" time="5.038" classname="com.VisionIT_OrangeHRM_TestCases.TC_001_BasicFeatures"/>
  <testcase name="verifyYoutubeSocialMedia" time="8.868" classname="com.VisionIT_OrangeHRM_TestCases.TC_001_BasicFeatures"/>
  <testcase name="verifyNewsLetter" time="21.646" classname="com.VisionIT_OrangeHRM_TestCases.TC_001_BasicFeatures">
    <failure type="org.openqa.selenium.NoSuchElementException" message="no such element: Unable to locate element: {&amp;quot;method&amp;quot;:&amp;quot;xpath&amp;quot;,&amp;quot;selector&amp;quot;:&amp;quot;//p[@class= &amp;apos;alert alert-success&amp;apos;]&amp;quot;}
  (Session info: chrome=90.0.4430.212)
For documentation on this error, please visit: https://selenium.dev/exceptions/#no_such_element
Build info: version: &amp;apos;4.0.0-alpha-6&amp;apos;, revision: &amp;apos;5f43a29cfc&amp;apos;
System info: host: &amp;apos;RITESH-PC&amp;apos;, ip: &amp;apos;192.168.43.86&amp;apos;, os.name: &amp;apos;Windows 7&amp;apos;, os.arch: &amp;apos;x86&amp;apos;, os.version: &amp;apos;6.1&amp;apos;, java.version: &amp;apos;1.8.0_121&amp;apos;
Driver info: org.openqa.selenium.chrome.ChromeDriver
Capabilities {acceptInsecureCerts: false, browserName: chrome, browserVersion: 90.0.4430.212, chrome: {chromedriverVersion: 90.0.4430.24 (4c6d850f087da..., userDataDir: C:\Users\RITESH\AppData\Loc...}, goog:chromeOptions: {debuggerAddress: localhost:51097}, javascriptEnabled: true, networkConnectionEnabled: false, pageLoadStrategy: normal, platform: WINDOWS, platformName: WINDOWS, proxy: Proxy(), setWindowRect: true, strictFileInteractability: false, timeouts: {implicit: 0, pageLoad: 300000, script: 30000}, unhandledPromptBehavior: dismiss and notify, webauthn:extension:largeBlob: true, webauthn:virtualAuthenticators: true}
Session ID: a1e6f115e8992df7d4a8e7d35a86bb29
*** Element info: {Using=xpath, value=//p[@class= &amp;apos;alert alert-success&amp;apos;]}">
      <![CDATA[org.openqa.selenium.NoSuchElementException: no such element: Unable to locate element: {"method":"xpath","selector":"//p[@class= 'alert alert-success']"}
  (Session info: chrome=90.0.4430.212)
For documentation on this error, please visit: https://selenium.dev/exceptions/#no_such_element
Build info: version: '4.0.0-alpha-6', revision: '5f43a29cfc'
System info: host: 'RITESH-PC', ip: '192.168.43.86', os.name: 'Windows 7', os.arch: 'x86', os.version: '6.1', java.version: '1.8.0_121'
Driver info: org.openqa.selenium.chrome.ChromeDriver
Capabilities {acceptInsecureCerts: false, browserName: chrome, browserVersion: 90.0.4430.212, chrome: {chromedriverVersion: 90.0.4430.24 (4c6d850f087da..., userDataDir: C:\Users\RITESH\AppData\Loc...}, goog:chromeOptions: {debuggerAddress: localhost:51097}, javascriptEnabled: true, networkConnectionEnabled: false, pageLoadStrategy: normal, platform: WINDOWS, platformName: WINDOWS, proxy: Proxy(), setWindowRect: true, strictFileInteractability: false, timeouts: {implicit: 0, pageLoad: 300000, script: 30000}, unhandledPromptBehavior: dismiss and notify, webauthn:extension:largeBlob: true, webauthn:virtualAuthenticators: true}
Session ID: a1e6f115e8992df7d4a8e7d35a86bb29
*** Element info: {Using=xpath, value=//p[@class= 'alert alert-success']}
	at org.openqa.selenium.remote.codec.w3c.W3CHttpResponseCodec.createException(W3CHttpResponseCodec.java:196)
	at org.openqa.selenium.remote.codec.w3c.W3CHttpResponseCodec.decode(W3CHttpResponseCodec.java:129)
	at org.openqa.selenium.remote.codec.w3c.W3CHttpResponseCodec.decode(W3CHttpResponseCodec.java:53)
	at org.openqa.selenium.remote.HttpCommandExecutor.execute(HttpCommandExecutor.java:160)
	at org.openqa.selenium.remote.service.DriverCommandExecutor.execute(DriverCommandExecutor.java:83)
	at org.openqa.selenium.remote.RemoteWebDriver.execute(RemoteWebDriver.java:582)
	at org.openqa.selenium.remote.RemoteWebDriver.findElement(RemoteWebDriver.java:333)
	at org.openqa.selenium.remote.RemoteWebDriver.findElementByXPath(RemoteWebDriver.java:451)
	at org.openqa.selenium.By$ByXPath.findElement(By.java:394)
	at org.openqa.selenium.remote.RemoteWebDriver.findElement(RemoteWebDriver.java:325)
	at com.VisionIT_OrangeHRM_TestCases.TC_001_BasicFeatures.verifyNewsLetter(TC_001_BasicFeatures.java:509)
... Removed 29 stack frames]]>
    </failure>
  </testcase> <!-- verifyNewsLetter -->
  <testcase name="verifyCartValueUpdate" time="9.35" classname="com.VisionIT_OrangeHRM_TestCases.TC_001_BasicFeatures"/>
  <testcase name="verifySameProductsAddedInCart" time="7.928" classname="com.VisionIT_OrangeHRM_TestCases.TC_001_BasicFeatures"/>
  <testcase name="verifyTotalIsCorrentInCart" time="8.463" classname="com.VisionIT_OrangeHRM_TestCases.TC_001_BasicFeatures"/>
  <testcase name="verifyProductRemoveFromCart" time="15.95" classname="com.VisionIT_OrangeHRM_TestCases.TC_001_BasicFeatures"/>
</testsuite> <!-- FunctionalTest -->
