<?xml version="1.0" encoding="UTF-8"?>
<!-- Generated by org.testng.reporters.JUnitXMLReporter -->
<testsuite hostname="RITESH-PC" name="Test1" tests="20" failures="2" timestamp="13 May 2021 06:31:36 GMT" time="562.147" errors="0">
  <testcase name="verifyURL_TC_001" time="0.06" classname="com.VisionIT_OrangeHRM_TestCases.TC_001_BasicFeatures"/>
  <testcase name="verifyTitle_TC_002" time="0.134" classname="com.VisionIT_OrangeHRM_TestCases.TC_001_BasicFeatures"/>
  <testcase name="verifyCategory_TC_003" time="3.691" classname="com.VisionIT_OrangeHRM_TestCases.TC_001_BasicFeatures"/>
  <testcase name="verifyAppLogo_TC_004" time="0.234" classname="com.VisionIT_OrangeHRM_TestCases.TC_001_BasicFeatures"/>
  <testcase name="verifyAppLogoHeight_TC_005" time="0.125" classname="com.VisionIT_OrangeHRM_TestCases.TC_001_BasicFeatures"/>
  <testcase name="verifyAppLogoWidth_TC_006" time="0.151" classname="com.VisionIT_OrangeHRM_TestCases.TC_001_BasicFeatures"/>
  <testcase name="verifySignInPage_TC_007" time="23.987" classname="com.VisionIT_OrangeHRM_TestCases.TC_001_BasicFeatures"/>
  <testcase name="verifyLoginPage_TC_008" time="2.099" classname="com.VisionIT_OrangeHRM_TestCases.TC_001_BasicFeatures"/>
  <testcase name="verifySearchBox_TC_009" time="0.044" classname="com.VisionIT_OrangeHRM_TestCases.TC_001_BasicFeatures">
    <failure type="org.openqa.selenium.NoSuchElementException" message="no such element: Unable to locate element: {&amp;quot;method&amp;quot;:&amp;quot;xpath&amp;quot;,&amp;quot;selector&amp;quot;:&amp;quot;//*[@id=&amp;apos;search_query_top&amp;apos;]&amp;quot;}
  (Session info: chrome=90.0.4430.93)
For documentation on this error, please visit: https://selenium.dev/exceptions/#no_such_element
Build info: version: &amp;apos;4.0.0-alpha-6&amp;apos;, revision: &amp;apos;5f43a29cfc&amp;apos;
System info: host: &amp;apos;RITESH-PC&amp;apos;, ip: &amp;apos;192.168.43.86&amp;apos;, os.name: &amp;apos;Windows 7&amp;apos;, os.arch: &amp;apos;x86&amp;apos;, os.version: &amp;apos;6.1&amp;apos;, java.version: &amp;apos;1.8.0_121&amp;apos;
Driver info: org.openqa.selenium.chrome.ChromeDriver
Capabilities {acceptInsecureCerts: false, browserName: chrome, browserVersion: 90.0.4430.93, chrome: {chromedriverVersion: 90.0.4430.24 (4c6d850f087da..., userDataDir: C:\Users\RITESH\AppData\Loc...}, goog:chromeOptions: {debuggerAddress: localhost:56161}, javascriptEnabled: true, networkConnectionEnabled: false, pageLoadStrategy: normal, platform: WINDOWS, platformName: WINDOWS, proxy: Proxy(), setWindowRect: true, strictFileInteractability: false, timeouts: {implicit: 0, pageLoad: 300000, script: 30000}, unhandledPromptBehavior: dismiss and notify, webauthn:extension:largeBlob: true, webauthn:virtualAuthenticators: true}
Session ID: 836e92b46095a6cccfc0faaa744439b1
*** Element info: {Using=xpath, value=//*[@id=&amp;apos;search_query_top&amp;apos;]}">
      <![CDATA[org.openqa.selenium.NoSuchElementException: no such element: Unable to locate element: {"method":"xpath","selector":"//*[@id='search_query_top']"}
  (Session info: chrome=90.0.4430.93)
For documentation on this error, please visit: https://selenium.dev/exceptions/#no_such_element
Build info: version: '4.0.0-alpha-6', revision: '5f43a29cfc'
System info: host: 'RITESH-PC', ip: '192.168.43.86', os.name: 'Windows 7', os.arch: 'x86', os.version: '6.1', java.version: '1.8.0_121'
Driver info: org.openqa.selenium.chrome.ChromeDriver
Capabilities {acceptInsecureCerts: false, browserName: chrome, browserVersion: 90.0.4430.93, chrome: {chromedriverVersion: 90.0.4430.24 (4c6d850f087da..., userDataDir: C:\Users\RITESH\AppData\Loc...}, goog:chromeOptions: {debuggerAddress: localhost:56161}, javascriptEnabled: true, networkConnectionEnabled: false, pageLoadStrategy: normal, platform: WINDOWS, platformName: WINDOWS, proxy: Proxy(), setWindowRect: true, strictFileInteractability: false, timeouts: {implicit: 0, pageLoad: 300000, script: 30000}, unhandledPromptBehavior: dismiss and notify, webauthn:extension:largeBlob: true, webauthn:virtualAuthenticators: true}
Session ID: 836e92b46095a6cccfc0faaa744439b1
*** Element info: {Using=xpath, value=//*[@id='search_query_top']}
	at org.openqa.selenium.remote.codec.w3c.W3CHttpResponseCodec.createException(W3CHttpResponseCodec.java:196)
	at org.openqa.selenium.remote.codec.w3c.W3CHttpResponseCodec.decode(W3CHttpResponseCodec.java:129)
	at org.openqa.selenium.remote.codec.w3c.W3CHttpResponseCodec.decode(W3CHttpResponseCodec.java:53)
	at org.openqa.selenium.remote.HttpCommandExecutor.execute(HttpCommandExecutor.java:160)
	at org.openqa.selenium.remote.service.DriverCommandExecutor.execute(DriverCommandExecutor.java:83)
	at org.openqa.selenium.remote.RemoteWebDriver.execute(RemoteWebDriver.java:582)
	at org.openqa.selenium.remote.RemoteWebDriver.findElement(RemoteWebDriver.java:333)
	at org.openqa.selenium.remote.RemoteWebDriver.findElementByXPath(RemoteWebDriver.java:451)
	at org.openqa.selenium.By$ByXPath.findElement(By.java:394)
	at org.openqa.selenium.remote.RemoteWebDriver.findElement(RemoteWebDriver.java:325)
	at com.VisionIT_OrangeHRM_TestCases.TC_001_BasicFeatures.verifySearchBox_TC_009(TC_001_BasicFeatures.java:212)
... Removed 29 stack frames]]>
    </failure>
  </testcase> <!-- verifySearchBox_TC_009 -->
  <testcase name="verifyProductPrice_TC_010" time="6.823" classname="com.VisionIT_OrangeHRM_TestCases.TC_001_BasicFeatures"/>
  <testcase name="verifyFriendFeature_TC_011" time="38.044" classname="com.VisionIT_OrangeHRM_TestCases.TC_001_BasicFeatures"/>
  <testcase name="verifyColorFeature" time="5.506" classname="com.VisionIT_OrangeHRM_TestCases.TC_001_BasicFeatures"/>
  <testcase name="verifyFacebookSocialMedia" time="0.26" classname="com.VisionIT_OrangeHRM_TestCases.TC_001_BasicFeatures"/>
  <testcase name="verifyTwitterSocialMedia" time="5.646" classname="com.VisionIT_OrangeHRM_TestCases.TC_001_BasicFeatures"/>
  <testcase name="verifyYoutubeSocialMedia" time="11.232" classname="com.VisionIT_OrangeHRM_TestCases.TC_001_BasicFeatures"/>
  <testcase name="verifyNewsLetter" time="23.05" classname="com.VisionIT_OrangeHRM_TestCases.TC_001_BasicFeatures">
    <failure type="org.openqa.selenium.NoSuchElementException" message="no such element: Unable to locate element: {&amp;quot;method&amp;quot;:&amp;quot;xpath&amp;quot;,&amp;quot;selector&amp;quot;:&amp;quot;//p[@class= &amp;apos;alert alert-success&amp;apos;]&amp;quot;}
  (Session info: chrome=90.0.4430.93)
For documentation on this error, please visit: https://selenium.dev/exceptions/#no_such_element
Build info: version: &amp;apos;4.0.0-alpha-6&amp;apos;, revision: &amp;apos;5f43a29cfc&amp;apos;
System info: host: &amp;apos;RITESH-PC&amp;apos;, ip: &amp;apos;192.168.43.86&amp;apos;, os.name: &amp;apos;Windows 7&amp;apos;, os.arch: &amp;apos;x86&amp;apos;, os.version: &amp;apos;6.1&amp;apos;, java.version: &amp;apos;1.8.0_121&amp;apos;
Driver info: org.openqa.selenium.chrome.ChromeDriver
Capabilities {acceptInsecureCerts: false, browserName: chrome, browserVersion: 90.0.4430.93, chrome: {chromedriverVersion: 90.0.4430.24 (4c6d850f087da..., userDataDir: C:\Users\RITESH\AppData\Loc...}, goog:chromeOptions: {debuggerAddress: localhost:56600}, javascriptEnabled: true, networkConnectionEnabled: false, pageLoadStrategy: normal, platform: WINDOWS, platformName: WINDOWS, proxy: Proxy(), setWindowRect: true, strictFileInteractability: false, timeouts: {implicit: 0, pageLoad: 300000, script: 30000}, unhandledPromptBehavior: dismiss and notify, webauthn:extension:largeBlob: true, webauthn:virtualAuthenticators: true}
Session ID: 94d32e7b63cd062d9dd1852ef3991cde
*** Element info: {Using=xpath, value=//p[@class= &amp;apos;alert alert-success&amp;apos;]}">
      <![CDATA[org.openqa.selenium.NoSuchElementException: no such element: Unable to locate element: {"method":"xpath","selector":"//p[@class= 'alert alert-success']"}
  (Session info: chrome=90.0.4430.93)
For documentation on this error, please visit: https://selenium.dev/exceptions/#no_such_element
Build info: version: '4.0.0-alpha-6', revision: '5f43a29cfc'
System info: host: 'RITESH-PC', ip: '192.168.43.86', os.name: 'Windows 7', os.arch: 'x86', os.version: '6.1', java.version: '1.8.0_121'
Driver info: org.openqa.selenium.chrome.ChromeDriver
Capabilities {acceptInsecureCerts: false, browserName: chrome, browserVersion: 90.0.4430.93, chrome: {chromedriverVersion: 90.0.4430.24 (4c6d850f087da..., userDataDir: C:\Users\RITESH\AppData\Loc...}, goog:chromeOptions: {debuggerAddress: localhost:56600}, javascriptEnabled: true, networkConnectionEnabled: false, pageLoadStrategy: normal, platform: WINDOWS, platformName: WINDOWS, proxy: Proxy(), setWindowRect: true, strictFileInteractability: false, timeouts: {implicit: 0, pageLoad: 300000, script: 30000}, unhandledPromptBehavior: dismiss and notify, webauthn:extension:largeBlob: true, webauthn:virtualAuthenticators: true}
Session ID: 94d32e7b63cd062d9dd1852ef3991cde
*** Element info: {Using=xpath, value=//p[@class= 'alert alert-success']}
	at org.openqa.selenium.remote.codec.w3c.W3CHttpResponseCodec.createException(W3CHttpResponseCodec.java:196)
	at org.openqa.selenium.remote.codec.w3c.W3CHttpResponseCodec.decode(W3CHttpResponseCodec.java:129)
	at org.openqa.selenium.remote.codec.w3c.W3CHttpResponseCodec.decode(W3CHttpResponseCodec.java:53)
	at org.openqa.selenium.remote.HttpCommandExecutor.execute(HttpCommandExecutor.java:160)
	at org.openqa.selenium.remote.service.DriverCommandExecutor.execute(DriverCommandExecutor.java:83)
	at org.openqa.selenium.remote.RemoteWebDriver.execute(RemoteWebDriver.java:582)
	at org.openqa.selenium.remote.RemoteWebDriver.findElement(RemoteWebDriver.java:333)
	at org.openqa.selenium.remote.RemoteWebDriver.findElementByXPath(RemoteWebDriver.java:451)
	at org.openqa.selenium.By$ByXPath.findElement(By.java:394)
	at org.openqa.selenium.remote.RemoteWebDriver.findElement(RemoteWebDriver.java:325)
	at com.VisionIT_OrangeHRM_TestCases.TC_001_BasicFeatures.verifyNewsLetter(TC_001_BasicFeatures.java:514)
... Removed 29 stack frames]]>
    </failure>
  </testcase> <!-- verifyNewsLetter -->
  <testcase name="verifyCartValueUpdate" time="8.276" classname="com.VisionIT_OrangeHRM_TestCases.TC_001_BasicFeatures"/>
  <testcase name="verifySameProductsAddedInCart" time="8.519" classname="com.VisionIT_OrangeHRM_TestCases.TC_001_BasicFeatures"/>
  <testcase name="verifyTotalIsCorrentInCart" time="8.704" classname="com.VisionIT_OrangeHRM_TestCases.TC_001_BasicFeatures"/>
  <testcase name="verifyProductRemoveFromCart" time="11.404" classname="com.VisionIT_OrangeHRM_TestCases.TC_001_BasicFeatures"/>
</testsuite> <!-- Test1 -->
