<?xml version="1.0" encoding="UTF-8"?>
<!-- Generated by org.testng.reporters.JUnitXMLReporter -->
<testsuite hostname="RITESH-PC" name="Test" tests="20" failures="2" timestamp="18 May 2021 05:47:56 GMT" time="614.194" errors="0">
  <testcase name="verifyURL_TC_001" time="0.13" classname="com.VisionIT_OrangeHRM_TestCases.TC_001_BasicFeatures"/>
  <testcase name="verifyTitle_TC_002" time="0.108" classname="com.VisionIT_OrangeHRM_TestCases.TC_001_BasicFeatures"/>
  <testcase name="verifyCategory_TC_003" time="0.88" classname="com.VisionIT_OrangeHRM_TestCases.TC_001_BasicFeatures"/>
  <testcase name="verifyAppLogo_TC_004" time="3.42" classname="com.VisionIT_OrangeHRM_TestCases.TC_001_BasicFeatures"/>
  <testcase name="verifyAppLogoHeight_TC_005" time="0.1" classname="com.VisionIT_OrangeHRM_TestCases.TC_001_BasicFeatures"/>
  <testcase name="verifyAppLogoWidth_TC_006" time="3.092" classname="com.VisionIT_OrangeHRM_TestCases.TC_001_BasicFeatures"/>
  <testcase name="verifySignInPage_TC_007" time="9.547" classname="com.VisionIT_OrangeHRM_TestCases.TC_001_BasicFeatures"/>
  <testcase name="verifyLoginPage_TC_008" time="30.052" classname="com.VisionIT_OrangeHRM_TestCases.TC_001_BasicFeatures"/>
  <testcase name="verifySearchBox_TC_009" time="2.691" classname="com.VisionIT_OrangeHRM_TestCases.TC_001_BasicFeatures"/>
  <testcase name="verifyProductPrice_TC_010" time="11.887" classname="com.VisionIT_OrangeHRM_TestCases.TC_001_BasicFeatures"/>
  <testcase name="verifyFriendFeature_TC_011" time="40.682" classname="com.VisionIT_OrangeHRM_TestCases.TC_001_BasicFeatures"/>
  <testcase name="verifyColorFeature" time="7.477" classname="com.VisionIT_OrangeHRM_TestCases.TC_001_BasicFeatures"/>
  <testcase name="verifyFacebookSocialMedia" time="1.306" classname="com.VisionIT_OrangeHRM_TestCases.TC_001_BasicFeatures"/>
  <testcase name="verifyTwitterSocialMedia" time="9.839" classname="com.VisionIT_OrangeHRM_TestCases.TC_001_BasicFeatures"/>
  <testcase name="verifyYoutubeSocialMedia" time="16.823" classname="com.VisionIT_OrangeHRM_TestCases.TC_001_BasicFeatures"/>
  <testcase name="verifyNewsLetter" time="26.436" classname="com.VisionIT_OrangeHRM_TestCases.TC_001_BasicFeatures">
    <failure type="org.openqa.selenium.NoSuchElementException" message="no such element: Unable to locate element: {&amp;quot;method&amp;quot;:&amp;quot;xpath&amp;quot;,&amp;quot;selector&amp;quot;:&amp;quot;//p[@class= &amp;apos;alert alert-success&amp;apos;]&amp;quot;}
  (Session info: chrome=90.0.4430.212)
For documentation on this error, please visit: https://selenium.dev/exceptions/#no_such_element
Build info: version: &amp;apos;4.0.0-alpha-6&amp;apos;, revision: &amp;apos;5f43a29cfc&amp;apos;
System info: host: &amp;apos;RITESH-PC&amp;apos;, ip: &amp;apos;192.168.43.86&amp;apos;, os.name: &amp;apos;Windows 7&amp;apos;, os.arch: &amp;apos;x86&amp;apos;, os.version: &amp;apos;6.1&amp;apos;, java.version: &amp;apos;1.8.0_121&amp;apos;
Driver info: org.openqa.selenium.chrome.ChromeDriver
Capabilities {acceptInsecureCerts: false, browserName: chrome, browserVersion: 90.0.4430.212, chrome: {chromedriverVersion: 90.0.4430.24 (4c6d850f087da..., userDataDir: C:\Users\RITESH\AppData\Loc...}, goog:chromeOptions: {debuggerAddress: localhost:50173}, javascriptEnabled: true, networkConnectionEnabled: false, pageLoadStrategy: normal, platform: WINDOWS, platformName: WINDOWS, proxy: Proxy(), setWindowRect: true, strictFileInteractability: false, timeouts: {implicit: 0, pageLoad: 300000, script: 30000}, unhandledPromptBehavior: dismiss and notify, webauthn:extension:largeBlob: true, webauthn:virtualAuthenticators: true}
Session ID: 4e8f15f0292800265c9ba9e8b8d2e352
*** Element info: {Using=xpath, value=//p[@class= &amp;apos;alert alert-success&amp;apos;]}">
      <![CDATA[org.openqa.selenium.NoSuchElementException: no such element: Unable to locate element: {"method":"xpath","selector":"//p[@class= 'alert alert-success']"}
  (Session info: chrome=90.0.4430.212)
For documentation on this error, please visit: https://selenium.dev/exceptions/#no_such_element
Build info: version: '4.0.0-alpha-6', revision: '5f43a29cfc'
System info: host: 'RITESH-PC', ip: '192.168.43.86', os.name: 'Windows 7', os.arch: 'x86', os.version: '6.1', java.version: '1.8.0_121'
Driver info: org.openqa.selenium.chrome.ChromeDriver
Capabilities {acceptInsecureCerts: false, browserName: chrome, browserVersion: 90.0.4430.212, chrome: {chromedriverVersion: 90.0.4430.24 (4c6d850f087da..., userDataDir: C:\Users\RITESH\AppData\Loc...}, goog:chromeOptions: {debuggerAddress: localhost:50173}, javascriptEnabled: true, networkConnectionEnabled: false, pageLoadStrategy: normal, platform: WINDOWS, platformName: WINDOWS, proxy: Proxy(), setWindowRect: true, strictFileInteractability: false, timeouts: {implicit: 0, pageLoad: 300000, script: 30000}, unhandledPromptBehavior: dismiss and notify, webauthn:extension:largeBlob: true, webauthn:virtualAuthenticators: true}
Session ID: 4e8f15f0292800265c9ba9e8b8d2e352
*** Element info: {Using=xpath, value=//p[@class= 'alert alert-success']}
	at org.openqa.selenium.remote.codec.w3c.W3CHttpResponseCodec.createException(W3CHttpResponseCodec.java:196)
	at org.openqa.selenium.remote.codec.w3c.W3CHttpResponseCodec.decode(W3CHttpResponseCodec.java:129)
	at org.openqa.selenium.remote.codec.w3c.W3CHttpResponseCodec.decode(W3CHttpResponseCodec.java:53)
	at org.openqa.selenium.remote.HttpCommandExecutor.execute(HttpCommandExecutor.java:160)
	at org.openqa.selenium.remote.service.DriverCommandExecutor.execute(DriverCommandExecutor.java:83)
	at org.openqa.selenium.remote.RemoteWebDriver.execute(RemoteWebDriver.java:582)
	at org.openqa.selenium.remote.RemoteWebDriver.findElement(RemoteWebDriver.java:333)
	at org.openqa.selenium.remote.RemoteWebDriver.findElementByXPath(RemoteWebDriver.java:451)
	at org.openqa.selenium.By$ByXPath.findElement(By.java:394)
	at org.openqa.selenium.remote.RemoteWebDriver.findElement(RemoteWebDriver.java:325)
	at com.VisionIT_OrangeHRM_TestCases.TC_001_BasicFeatures.verifyNewsLetter(TC_001_BasicFeatures.java:509)
... Removed 29 stack frames]]>
    </failure>
  </testcase> <!-- verifyNewsLetter -->
  <testcase name="verifyCartValueUpdate" time="6.054" classname="com.VisionIT_OrangeHRM_TestCases.TC_001_BasicFeatures"/>
  <testcase name="verifySameProductsAddedInCart" time="9.086" classname="com.VisionIT_OrangeHRM_TestCases.TC_001_BasicFeatures"/>
  <testcase name="verifyTotalIsCorrentInCart" time="10.009" classname="com.VisionIT_OrangeHRM_TestCases.TC_001_BasicFeatures"/>
  <testcase name="verifyProductRemoveFromCart" time="13.592" classname="com.VisionIT_OrangeHRM_TestCases.TC_001_BasicFeatures">
    <failure type="java.lang.AssertionError" message="Product&amp;apos;s Total Price Has Matched After Product Removal Hence - Test Pass expected [$45.40] but found [$61.91]">
      <![CDATA[java.lang.AssertionError: Product's Total Price Has Matched After Product Removal Hence - Test Pass expected [$45.40] but found [$61.91]
	at com.VisionIT_OrangeHRM_TestCases.TC_001_BasicFeatures.verifyProductRemoveFromCart(TC_001_BasicFeatures.java:650)
... Removed 30 stack frames]]>
    </failure>
  </testcase> <!-- verifyProductRemoveFromCart -->
</testsuite> <!-- Test -->
