<html>
<head>
<title>TestNG:  Test</title>
<link href="../testng.css" rel="stylesheet" type="text/css" />
<link href="../my-testng.css" rel="stylesheet" type="text/css" />

<style type="text/css">
.log { display: none;} 
.stack-trace { display: none;} 
</style>
<script type="text/javascript">
<!--
function flip(e) {
  current = e.style.display;
  if (current == 'block') {
    e.style.display = 'none';
    return 0;
  }
  else {
    e.style.display = 'block';
    return 1;
  }
}

function toggleBox(szDivId, elem, msg1, msg2)
{
  var res = -1;  if (document.getElementById) {
    res = flip(document.getElementById(szDivId));
  }
  else if (document.all) {
    // this is the way old msie versions work
    res = flip(document.all[szDivId]);
  }
  if(elem) {
    if(res == 0) elem.innerHTML = msg1; else elem.innerHTML = msg2;
  }

}

function toggleAllBoxes() {
  if (document.getElementsByTagName) {
    d = document.getElementsByTagName('div');
    for (i = 0; i < d.length; i++) {
      if (d[i].className == 'log') {
        flip(d[i]);
      }
    }
  }
}

// -->
</script>

</head>
<body>
<h2 align='center'>Test</h2><table border='1' align="center">
<tr>
<td>Tests passed/Failed/Skipped:</td><td>18/2/0</td>
</tr><tr>
<td>Started on:</td><td>Tue May 18 11:07:41 IST 2021</td>
</tr>
<tr><td>Total time:</td><td>614 seconds (614194 ms)</td>
</tr><tr>
<td>Included groups:</td><td></td>
</tr><tr>
<td>Excluded groups:</td><td></td>
</tr>
</table><p/>
<small><i>(Hover the method name to see the test class name)</i></small><p/>
<table width='100%' border='1' class='invocation-failed'>
<tr><td colspan='4' align='center'><b>FAILED TESTS</b></td></tr>
<tr><td><b>Test method</b></td>
<td width="30%"><b>Exception</b></td>
<td width="10%"><b>Time (seconds)</b></td>
<td><b>Instance</b></td>
</tr>
<tr>
<td title='com.VisionIT_OrangeHRM_TestCases.TC_001_BasicFeatures.verifyNewsLetter()'><b>verifyNewsLetter</b><br>Test class: com.VisionIT_OrangeHRM_TestCases.TC_001_BasicFeatures<br/>
<a href="#Output-9041263" onClick='toggleBox("Output-9041263", this, "Show output", "Hide output");'>Show output</a>

<a href="#Output-9041263" onClick="toggleAllBoxes();">Show all outputs</a>
<div class='log' id="Output-9041263">
Vallidate News Letter Subscription<br/>
</div>
</td>
<td><div><pre>org.openqa.selenium.NoSuchElementException: no such element: Unable to locate element: {&quot;method&quot;:&quot;xpath&quot;,&quot;selector&quot;:&quot;//p[@class= &apos;alert alert-success&apos;]&quot;}
  (Session info: chrome=90.0.4430.212)
For documentation on this error, please visit: https://selenium.dev/exceptions/#no_such_element
Build info: version: &apos;4.0.0-alpha-6&apos;, revision: &apos;5f43a29cfc&apos;
System info: host: &apos;RITESH-PC&apos;, ip: &apos;192.168.43.86&apos;, os.name: &apos;Windows 7&apos;, os.arch: &apos;x86&apos;, os.version: &apos;6.1&apos;, java.version: &apos;1.8.0_121&apos;
Driver info: org.openqa.selenium.chrome.ChromeDriver
Capabilities {acceptInsecureCerts: false, browserName: chrome, browserVersion: 90.0.4430.212, chrome: {chromedriverVersion: 90.0.4430.24 (4c6d850f087da..., userDataDir: C:\Users\RITESH\AppData\Loc...}, goog:chromeOptions: {debuggerAddress: localhost:50173}, javascriptEnabled: true, networkConnectionEnabled: false, pageLoadStrategy: normal, platform: WINDOWS, platformName: WINDOWS, proxy: Proxy(), setWindowRect: true, strictFileInteractability: false, timeouts: {implicit: 0, pageLoad: 300000, script: 30000}, unhandledPromptBehavior: dismiss and notify, webauthn:extension:largeBlob: true, webauthn:virtualAuthenticators: true}
Session ID: 4e8f15f0292800265c9ba9e8b8d2e352
*** Element info: {Using=xpath, value=//p[@class= &apos;alert alert-success&apos;]}
	at org.openqa.selenium.remote.codec.w3c.W3CHttpResponseCodec.createException(W3CHttpResponseCodec.java:196)
	at org.openqa.selenium.remote.codec.w3c.W3CHttpResponseCodec.decode(W3CHttpResponseCodec.java:129)
	at org.openqa.selenium.remote.codec.w3c.W3CHttpResponseCodec.decode(W3CHttpResponseCodec.java:53)
	at org.openqa.selenium.remote.HttpCommandExecutor.execute(HttpCommandExecutor.java:160)
	at org.openqa.selenium.remote.service.DriverCommandExecutor.execute(DriverCommandExecutor.java:83)
	at org.openqa.selenium.remote.RemoteWebDriver.execute(RemoteWebDriver.java:582)
	at org.openqa.selenium.remote.RemoteWebDriver.findElement(RemoteWebDriver.java:333)
	at org.openqa.selenium.remote.RemoteWebDriver.findElementByXPath(RemoteWebDriver.java:451)
	at org.openqa.selenium.By$ByXPath.findElement(By.java:394)
	at org.openqa.selenium.remote.RemoteWebDriver.findElement(RemoteWebDriver.java:325)
	at com.VisionIT_OrangeHRM_TestCases.TC_001_BasicFeatures.verifyNewsLetter(TC_001_BasicFeatures.java:509)
... Removed 29 stack frames</pre></div><a href='#' onClick='toggleBox("stack-trace9041263", this, "Click to show all stack frames", "Click to hide stack frames")'>Click to show all stack frames</a>
<div class='stack-trace' id='stack-trace9041263'><pre>org.openqa.selenium.NoSuchElementException: no such element: Unable to locate element: {&quot;method&quot;:&quot;xpath&quot;,&quot;selector&quot;:&quot;//p[@class= &apos;alert alert-success&apos;]&quot;}
  (Session info: chrome=90.0.4430.212)
For documentation on this error, please visit: https://selenium.dev/exceptions/#no_such_element
Build info: version: &apos;4.0.0-alpha-6&apos;, revision: &apos;5f43a29cfc&apos;
System info: host: &apos;RITESH-PC&apos;, ip: &apos;192.168.43.86&apos;, os.name: &apos;Windows 7&apos;, os.arch: &apos;x86&apos;, os.version: &apos;6.1&apos;, java.version: &apos;1.8.0_121&apos;
Driver info: org.openqa.selenium.chrome.ChromeDriver
Capabilities {acceptInsecureCerts: false, browserName: chrome, browserVersion: 90.0.4430.212, chrome: {chromedriverVersion: 90.0.4430.24 (4c6d850f087da..., userDataDir: C:\Users\RITESH\AppData\Loc...}, goog:chromeOptions: {debuggerAddress: localhost:50173}, javascriptEnabled: true, networkConnectionEnabled: false, pageLoadStrategy: normal, platform: WINDOWS, platformName: WINDOWS, proxy: Proxy(), setWindowRect: true, strictFileInteractability: false, timeouts: {implicit: 0, pageLoad: 300000, script: 30000}, unhandledPromptBehavior: dismiss and notify, webauthn:extension:largeBlob: true, webauthn:virtualAuthenticators: true}
Session ID: 4e8f15f0292800265c9ba9e8b8d2e352
*** Element info: {Using=xpath, value=//p[@class= &apos;alert alert-success&apos;]}
	at sun.reflect.NativeConstructorAccessorImpl.newInstance0(Native Method)
	at sun.reflect.NativeConstructorAccessorImpl.newInstance(Unknown Source)
	at sun.reflect.DelegatingConstructorAccessorImpl.newInstance(Unknown Source)
	at java.lang.reflect.Constructor.newInstance(Unknown Source)
	at org.openqa.selenium.remote.codec.w3c.W3CHttpResponseCodec.createException(W3CHttpResponseCodec.java:196)
	at org.openqa.selenium.remote.codec.w3c.W3CHttpResponseCodec.decode(W3CHttpResponseCodec.java:129)
	at org.openqa.selenium.remote.codec.w3c.W3CHttpResponseCodec.decode(W3CHttpResponseCodec.java:53)
	at org.openqa.selenium.remote.HttpCommandExecutor.execute(HttpCommandExecutor.java:160)
	at org.openqa.selenium.remote.service.DriverCommandExecutor.execute(DriverCommandExecutor.java:83)
	at org.openqa.selenium.remote.RemoteWebDriver.execute(RemoteWebDriver.java:582)
	at org.openqa.selenium.remote.RemoteWebDriver.findElement(RemoteWebDriver.java:333)
	at org.openqa.selenium.remote.RemoteWebDriver.findElementByXPath(RemoteWebDriver.java:451)
	at org.openqa.selenium.By$ByXPath.findElement(By.java:394)
	at org.openqa.selenium.remote.RemoteWebDriver.findElement(RemoteWebDriver.java:325)
	at com.VisionIT_OrangeHRM_TestCases.TC_001_BasicFeatures.verifyNewsLetter(TC_001_BasicFeatures.java:509)
	at sun.reflect.NativeMethodAccessorImpl.invoke0(Native Method)
	at sun.reflect.NativeMethodAccessorImpl.invoke(Unknown Source)
	at sun.reflect.DelegatingMethodAccessorImpl.invoke(Unknown Source)
	at java.lang.reflect.Method.invoke(Unknown Source)
	at org.testng.internal.MethodInvocationHelper.invokeMethod(MethodInvocationHelper.java:100)
	at org.testng.internal.Invoker.invokeMethod(Invoker.java:646)
	at org.testng.internal.Invoker.invokeTestMethod(Invoker.java:811)
	at org.testng.internal.Invoker.invokeTestMethods(Invoker.java:1137)
	at org.testng.internal.TestMethodWorker.invokeTestMethods(TestMethodWorker.java:129)
	at org.testng.internal.TestMethodWorker.run(TestMethodWorker.java:112)
	at org.testng.TestRunner.privateRun(TestRunner.java:753)
	at org.testng.TestRunner.run(TestRunner.java:607)
	at org.testng.SuiteRunner.runTest(SuiteRunner.java:368)
	at org.testng.SuiteRunner.runSequentially(SuiteRunner.java:363)
	at org.testng.SuiteRunner.privateRun(SuiteRunner.java:321)
	at org.testng.SuiteRunner.run(SuiteRunner.java:270)
	at org.testng.SuiteRunnerWorker.runSuite(SuiteRunnerWorker.java:52)
	at org.testng.SuiteRunnerWorker.run(SuiteRunnerWorker.java:86)
	at org.testng.TestNG.runSuitesSequentially(TestNG.java:1284)
	at org.testng.TestNG.runSuitesLocally(TestNG.java:1209)
	at org.testng.TestNG.runSuites(TestNG.java:1124)
	at org.testng.TestNG.run(TestNG.java:1096)
	at org.testng.remote.AbstractRemoteTestNG.run(AbstractRemoteTestNG.java:132)
	at org.testng.remote.RemoteTestNG.initAndRun(RemoteTestNG.java:236)
	at org.testng.remote.RemoteTestNG.main(RemoteTestNG.java:81)
</pre></div></td>
<td>26</td>
<td>com.VisionIT_OrangeHRM_TestCases.TC_001_BasicFeatures@149cea0</td></tr>
<tr>
<td title='com.VisionIT_OrangeHRM_TestCases.TC_001_BasicFeatures.verifyProductRemoveFromCart()'><b>verifyProductRemoveFromCart</b><br>Test class: com.VisionIT_OrangeHRM_TestCases.TC_001_BasicFeatures<br/>
<a href="#Output-12037122" onClick='toggleBox("Output-12037122", this, "Show output", "Hide output");'>Show output</a>

<a href="#Output-12037122" onClick="toggleAllBoxes();">Show all outputs</a>
<div class='log' id="Output-12037122">
Vallidate a product can be removed from cart feature<br/>
Vallidate Cart Value Is Updating<br/>
</div>
</td>
<td><div><pre>java.lang.AssertionError: Product&apos;s Total Price Has Matched After Product Removal Hence - Test Pass expected [$45.40] but found [$61.91]
	at com.VisionIT_OrangeHRM_TestCases.TC_001_BasicFeatures.verifyProductRemoveFromCart(TC_001_BasicFeatures.java:650)
... Removed 30 stack frames</pre></div><a href='#' onClick='toggleBox("stack-trace12037122", this, "Click to show all stack frames", "Click to hide stack frames")'>Click to show all stack frames</a>
<div class='stack-trace' id='stack-trace12037122'><pre>java.lang.AssertionError: Product&apos;s Total Price Has Matched After Product Removal Hence - Test Pass expected [$45.40] but found [$61.91]
	at org.testng.Assert.fail(Assert.java:94)
	at org.testng.Assert.failNotEquals(Assert.java:513)
	at org.testng.Assert.assertEqualsImpl(Assert.java:135)
	at org.testng.Assert.assertEquals(Assert.java:116)
	at org.testng.Assert.assertEquals(Assert.java:190)
	at com.VisionIT_OrangeHRM_TestCases.TC_001_BasicFeatures.verifyProductRemoveFromCart(TC_001_BasicFeatures.java:650)
	at sun.reflect.NativeMethodAccessorImpl.invoke0(Native Method)
	at sun.reflect.NativeMethodAccessorImpl.invoke(Unknown Source)
	at sun.reflect.DelegatingMethodAccessorImpl.invoke(Unknown Source)
	at java.lang.reflect.Method.invoke(Unknown Source)
	at org.testng.internal.MethodInvocationHelper.invokeMethod(MethodInvocationHelper.java:100)
	at org.testng.internal.Invoker.invokeMethod(Invoker.java:646)
	at org.testng.internal.Invoker.invokeTestMethod(Invoker.java:811)
	at org.testng.internal.Invoker.invokeTestMethods(Invoker.java:1137)
	at org.testng.internal.TestMethodWorker.invokeTestMethods(TestMethodWorker.java:129)
	at org.testng.internal.TestMethodWorker.run(TestMethodWorker.java:112)
	at org.testng.TestRunner.privateRun(TestRunner.java:753)
	at org.testng.TestRunner.run(TestRunner.java:607)
	at org.testng.SuiteRunner.runTest(SuiteRunner.java:368)
	at org.testng.SuiteRunner.runSequentially(SuiteRunner.java:363)
	at org.testng.SuiteRunner.privateRun(SuiteRunner.java:321)
	at org.testng.SuiteRunner.run(SuiteRunner.java:270)
	at org.testng.SuiteRunnerWorker.runSuite(SuiteRunnerWorker.java:52)
	at org.testng.SuiteRunnerWorker.run(SuiteRunnerWorker.java:86)
	at org.testng.TestNG.runSuitesSequentially(TestNG.java:1284)
	at org.testng.TestNG.runSuitesLocally(TestNG.java:1209)
	at org.testng.TestNG.runSuites(TestNG.java:1124)
	at org.testng.TestNG.run(TestNG.java:1096)
	at org.testng.remote.AbstractRemoteTestNG.run(AbstractRemoteTestNG.java:132)
	at org.testng.remote.RemoteTestNG.initAndRun(RemoteTestNG.java:236)
	at org.testng.remote.RemoteTestNG.main(RemoteTestNG.java:81)
</pre></div></td>
<td>13</td>
<td>com.VisionIT_OrangeHRM_TestCases.TC_001_BasicFeatures@149cea0</td></tr>
</table><p>
<table width='100%' border='1' class='invocation-passed'>
<tr><td colspan='4' align='center'><b>PASSED TESTS</b></td></tr>
<tr><td><b>Test method</b></td>
<td width="30%"><b>Exception</b></td>
<td width="10%"><b>Time (seconds)</b></td>
<td><b>Instance</b></td>
</tr>
<tr>
<td title='com.VisionIT_OrangeHRM_TestCases.TC_001_BasicFeatures.verifyAppLogoHeight_TC_005()'><b>verifyAppLogoHeight_TC_005</b><br>Test class: com.VisionIT_OrangeHRM_TestCases.TC_001_BasicFeatures<br/>
<a href="#Output-526220" onClick='toggleBox("Output-526220", this, "Show output", "Hide output");'>Show output</a>

<a href="#Output-526220" onClick="toggleAllBoxes();">Show all outputs</a>
<div class='log' id="Output-526220">
Vallidate Application Logo Height On Landing Page<br/>
</div>
</td>
<td></td>
<td>0</td>
<td>com.VisionIT_OrangeHRM_TestCases.TC_001_BasicFeatures@149cea0</td></tr>
<tr>
<td title='com.VisionIT_OrangeHRM_TestCases.TC_001_BasicFeatures.verifyAppLogoWidth_TC_006()'><b>verifyAppLogoWidth_TC_006</b><br>Test class: com.VisionIT_OrangeHRM_TestCases.TC_001_BasicFeatures<br/>
<a href="#Output-31058910" onClick='toggleBox("Output-31058910", this, "Show output", "Hide output");'>Show output</a>

<a href="#Output-31058910" onClick="toggleAllBoxes();">Show all outputs</a>
<div class='log' id="Output-31058910">
Vallidate Application Logo Height On Landing Page<br/>
</div>
</td>
<td></td>
<td>3</td>
<td>com.VisionIT_OrangeHRM_TestCases.TC_001_BasicFeatures@149cea0</td></tr>
<tr>
<td title='com.VisionIT_OrangeHRM_TestCases.TC_001_BasicFeatures.verifyAppLogo_TC_004()'><b>verifyAppLogo_TC_004</b><br>Test class: com.VisionIT_OrangeHRM_TestCases.TC_001_BasicFeatures<br/>
<a href="#Output-681693" onClick='toggleBox("Output-681693", this, "Show output", "Hide output");'>Show output</a>

<a href="#Output-681693" onClick="toggleAllBoxes();">Show all outputs</a>
<div class='log' id="Output-681693">
Landing Page Application Logo Display Test<br/>
Expected Logo Is Present in Application<br/>
</div>
</td>
<td></td>
<td>3</td>
<td>com.VisionIT_OrangeHRM_TestCases.TC_001_BasicFeatures@149cea0</td></tr>
<tr>
<td title='com.VisionIT_OrangeHRM_TestCases.TC_001_BasicFeatures.verifyCartValueUpdate()'><b>verifyCartValueUpdate</b><br>Test class: com.VisionIT_OrangeHRM_TestCases.TC_001_BasicFeatures<br/>
<a href="#Output-5686723" onClick='toggleBox("Output-5686723", this, "Show output", "Hide output");'>Show output</a>

<a href="#Output-5686723" onClick="toggleAllBoxes();">Show all outputs</a>
<div class='log' id="Output-5686723">
Vallidate Cart Value Is Updating<br/>
</div>
</td>
<td></td>
<td>6</td>
<td>com.VisionIT_OrangeHRM_TestCases.TC_001_BasicFeatures@149cea0</td></tr>
<tr>
<td title='com.VisionIT_OrangeHRM_TestCases.TC_001_BasicFeatures.verifyCategory_TC_003()'><b>verifyCategory_TC_003</b><br>Test class: com.VisionIT_OrangeHRM_TestCases.TC_001_BasicFeatures<br/>
<a href="#Output-1494209" onClick='toggleBox("Output-1494209", this, "Show output", "Hide output");'>Show output</a>

<a href="#Output-1494209" onClick="toggleAllBoxes();">Show all outputs</a>
<div class='log' id="Output-1494209">
Product Category Validation Test<br/>
</div>
</td>
<td></td>
<td>0</td>
<td>com.VisionIT_OrangeHRM_TestCases.TC_001_BasicFeatures@149cea0</td></tr>
<tr>
<td title='com.VisionIT_OrangeHRM_TestCases.TC_001_BasicFeatures.verifyColorFeature()'><b>verifyColorFeature</b><br>Test class: com.VisionIT_OrangeHRM_TestCases.TC_001_BasicFeatures<br/>
<a href="#Output-20058722" onClick='toggleBox("Output-20058722", this, "Show output", "Hide output");'>Show output</a>

<a href="#Output-20058722" onClick="toggleAllBoxes();">Show all outputs</a>
<div class='log' id="Output-20058722">
Change in the image using Color Feature<br/>
Change color of the product<br/>
</div>
</td>
<td></td>
<td>7</td>
<td>com.VisionIT_OrangeHRM_TestCases.TC_001_BasicFeatures@149cea0</td></tr>
<tr>
<td title='com.VisionIT_OrangeHRM_TestCases.TC_001_BasicFeatures.verifyFacebookSocialMedia()'><b>verifyFacebookSocialMedia</b><br>Test class: com.VisionIT_OrangeHRM_TestCases.TC_001_BasicFeatures<br/>
<a href="#Output-8180087" onClick='toggleBox("Output-8180087", this, "Show output", "Hide output");'>Show output</a>

<a href="#Output-8180087" onClick="toggleAllBoxes();">Show all outputs</a>
<div class='log' id="Output-8180087">
Vallidate Facebook Socal Media Handle<br/>
Expected Facebook Title Has Shown My Store<br/>
</div>
</td>
<td></td>
<td>1</td>
<td>com.VisionIT_OrangeHRM_TestCases.TC_001_BasicFeatures@149cea0</td></tr>
<tr>
<td title='com.VisionIT_OrangeHRM_TestCases.TC_001_BasicFeatures.verifyFriendFeature_TC_011()'><b>verifyFriendFeature_TC_011</b><br>Test class: com.VisionIT_OrangeHRM_TestCases.TC_001_BasicFeatures<br/>
<a href="#Output-8633103" onClick='toggleBox("Output-8633103", this, "Show output", "Hide output");'>Show output</a>

<a href="#Output-8633103" onClick="toggleAllBoxes();">Show all outputs</a>
<div class='log' id="Output-8633103">
send a Friend Feature<br/>
Login Successful with User - ABcd@1212<br/>
</div>
</td>
<td></td>
<td>40</td>
<td>com.VisionIT_OrangeHRM_TestCases.TC_001_BasicFeatures@149cea0</td></tr>
<tr>
<td title='com.VisionIT_OrangeHRM_TestCases.TC_001_BasicFeatures.verifyLoginPage_TC_008()'><b>verifyLoginPage_TC_008</b><br>Test class: com.VisionIT_OrangeHRM_TestCases.TC_001_BasicFeatures<br/>
<a href="#Output-19650265" onClick='toggleBox("Output-19650265", this, "Show output", "Hide output");'>Show output</a>

<a href="#Output-19650265" onClick="toggleAllBoxes();">Show all outputs</a>
<div class='log' id="Output-19650265">
Register User With New Email ID on SignIn Page<br/>
</div>
</td>
<td></td>
<td>30</td>
<td>com.VisionIT_OrangeHRM_TestCases.TC_001_BasicFeatures@149cea0</td></tr>
<tr>
<td title='com.VisionIT_OrangeHRM_TestCases.TC_001_BasicFeatures.verifyProductPrice_TC_010()'><b>verifyProductPrice_TC_010</b><br>Test class: com.VisionIT_OrangeHRM_TestCases.TC_001_BasicFeatures<br/>
<a href="#Output-26576158" onClick='toggleBox("Output-26576158", this, "Show output", "Hide output");'>Show output</a>

<a href="#Output-26576158" onClick="toggleAllBoxes();">Show all outputs</a>
<div class='log' id="Output-26576158">
Dress Menu Is In Uppercase<br/>
</div>
</td>
<td></td>
<td>11</td>
<td>com.VisionIT_OrangeHRM_TestCases.TC_001_BasicFeatures@149cea0</td></tr>
<tr>
<td title='com.VisionIT_OrangeHRM_TestCases.TC_001_BasicFeatures.verifySameProductsAddedInCart()'><b>verifySameProductsAddedInCart</b><br>Test class: com.VisionIT_OrangeHRM_TestCases.TC_001_BasicFeatures<br/>
<a href="#Output-3720306" onClick='toggleBox("Output-3720306", this, "Show output", "Hide output");'>Show output</a>

<a href="#Output-3720306" onClick="toggleAllBoxes();">Show all outputs</a>
<div class='log' id="Output-3720306">
Vallidate Total Price Is Corrent In Cart<br/>
Vallidate Cart Value Is Updating<br/>
</div>
</td>
<td></td>
<td>9</td>
<td>com.VisionIT_OrangeHRM_TestCases.TC_001_BasicFeatures@149cea0</td></tr>
<tr>
<td title='com.VisionIT_OrangeHRM_TestCases.TC_001_BasicFeatures.verifySearchBox_TC_009()'><b>verifySearchBox_TC_009</b><br>Test class: com.VisionIT_OrangeHRM_TestCases.TC_001_BasicFeatures<br/>
<a href="#Output-424973" onClick='toggleBox("Output-424973", this, "Show output", "Hide output");'>Show output</a>

<a href="#Output-424973" onClick="toggleAllBoxes();">Show all outputs</a>
<div class='log' id="Output-424973">
Search by a keyword in the product search box and vallidate how many products are matching with the name.<br/>
Total Products Are - 7<br/>
Summer Dresses > Printed Summer Dress<br/>
Evening Dresses > Printed Dress<br/>
Summer Dresses > Printed Summer Dress<br/>
Summer Dresses > Printed Chiffon Dress<br/>
Casual Dresses > Printed Dress<br/>
T-shirts > Faded Short Sleeve T-shirts<br/>
Blouses > Blouse<br/>
Dress Size Is Matched<br/>
</div>
</td>
<td></td>
<td>2</td>
<td>com.VisionIT_OrangeHRM_TestCases.TC_001_BasicFeatures@149cea0</td></tr>
<tr>
<td title='com.VisionIT_OrangeHRM_TestCases.TC_001_BasicFeatures.verifySignInPage_TC_007()'><b>verifySignInPage_TC_007</b><br>Test class: com.VisionIT_OrangeHRM_TestCases.TC_001_BasicFeatures<br/>
<a href="#Output-4128715" onClick='toggleBox("Output-4128715", this, "Show output", "Hide output");'>Show output</a>

<a href="#Output-4128715" onClick="toggleAllBoxes();">Show all outputs</a>
<div class='log' id="Output-4128715">
SignIn Page Title Validation Test<br/>
</div>
</td>
<td></td>
<td>9</td>
<td>com.VisionIT_OrangeHRM_TestCases.TC_001_BasicFeatures@149cea0</td></tr>
<tr>
<td title='com.VisionIT_OrangeHRM_TestCases.TC_001_BasicFeatures.verifyTitle_TC_002()'><b>verifyTitle_TC_002</b><br>Test class: com.VisionIT_OrangeHRM_TestCases.TC_001_BasicFeatures<br/>
<a href="#Output-23403138" onClick='toggleBox("Output-23403138", this, "Show output", "Hide output");'>Show output</a>

<a href="#Output-23403138" onClick="toggleAllBoxes();">Show all outputs</a>
<div class='log' id="Output-23403138">
Landing Page Title Test<br/>
</div>
</td>
<td></td>
<td>0</td>
<td>com.VisionIT_OrangeHRM_TestCases.TC_001_BasicFeatures@149cea0</td></tr>
<tr>
<td title='com.VisionIT_OrangeHRM_TestCases.TC_001_BasicFeatures.verifyTotalIsCorrentInCart()'><b>verifyTotalIsCorrentInCart</b><br>Test class: com.VisionIT_OrangeHRM_TestCases.TC_001_BasicFeatures<br/>
<a href="#Output-2312975" onClick='toggleBox("Output-2312975", this, "Show output", "Hide output");'>Show output</a>

<a href="#Output-2312975" onClick="toggleAllBoxes();">Show all outputs</a>
<div class='log' id="Output-2312975">
Vallidate Total Price Is Corrent In Cart<br/>
Vallidate Cart Value Is Updating<br/>
</div>
</td>
<td></td>
<td>10</td>
<td>com.VisionIT_OrangeHRM_TestCases.TC_001_BasicFeatures@149cea0</td></tr>
<tr>
<td title='com.VisionIT_OrangeHRM_TestCases.TC_001_BasicFeatures.verifyTwitterSocialMedia()'><b>verifyTwitterSocialMedia</b><br>Test class: com.VisionIT_OrangeHRM_TestCases.TC_001_BasicFeatures<br/>
<a href="#Output-31522157" onClick='toggleBox("Output-31522157", this, "Show output", "Hide output");'>Show output</a>

<a href="#Output-31522157" onClick="toggleAllBoxes();">Show all outputs</a>
<div class='log' id="Output-31522157">
Vallidate Twiter Social Media Handle<br/>
Selenium Framework Is Present In Twitter Account<br/>
</div>
</td>
<td></td>
<td>9</td>
<td>com.VisionIT_OrangeHRM_TestCases.TC_001_BasicFeatures@149cea0</td></tr>
<tr>
<td title='com.VisionIT_OrangeHRM_TestCases.TC_001_BasicFeatures.verifyURL_TC_001()'><b>verifyURL_TC_001</b><br>Test class: com.VisionIT_OrangeHRM_TestCases.TC_001_BasicFeatures<br/>
<a href="#Output-9144234" onClick='toggleBox("Output-9144234", this, "Show output", "Hide output");'>Show output</a>

<a href="#Output-9144234" onClick="toggleAllBoxes();">Show all outputs</a>
<div class='log' id="Output-9144234">
URL Redirection Test<br/>
</div>
</td>
<td></td>
<td>0</td>
<td>com.VisionIT_OrangeHRM_TestCases.TC_001_BasicFeatures@149cea0</td></tr>
<tr>
<td title='com.VisionIT_OrangeHRM_TestCases.TC_001_BasicFeatures.verifyYoutubeSocialMedia()'><b>verifyYoutubeSocialMedia</b><br>Test class: com.VisionIT_OrangeHRM_TestCases.TC_001_BasicFeatures<br/>
<a href="#Output-10570470" onClick='toggleBox("Output-10570470", this, "Show output", "Hide output");'>Show output</a>

<a href="#Output-10570470" onClick="toggleAllBoxes();">Show all outputs</a>
<div class='log' id="Output-10570470">
Vallidate Youtube Social Media Handle<br/>
Selenium Framework Is Present In YouTube Account<br/>
</div>
</td>
<td></td>
<td>16</td>
<td>com.VisionIT_OrangeHRM_TestCases.TC_001_BasicFeatures@149cea0</td></tr>
</table><p>
</body>
</html>